/*C2*/SET SCHEMA PUBLIC
DISCONNECT
/*C6*/SET SCHEMA PUBLIC
DISCONNECT
/*C5*/SET SCHEMA PUBLIC
DISCONNECT
/*C3*/SET SCHEMA PUBLIC
DISCONNECT
/*C4*/SET SCHEMA PUBLIC
DISCONNECT
/*C8*/SET SCHEMA PUBLIC
DROP TABLE MOBILE
/*C7*/SET SCHEMA PUBLIC
COMMIT
/*C9*/SET SCHEMA PUBLIC
DISCONNECT
/*C10*/SET SCHEMA PUBLIC
DISCONNECT
/*C11*/SET SCHEMA PUBLIC
DISCONNECT
/*C12*/SET SCHEMA PUBLIC
DISCONNECT
/*C13*/SET SCHEMA PUBLIC
COMMIT
DISCONNECT
/*C14*/SET SCHEMA PUBLIC
DISCONNECT
/*C15*/SET SCHEMA PUBLIC
DISCONNECT
/*C16*/SET SCHEMA PUBLIC
DELETE FROM MOBILE WHERE ID=5
COMMIT
/*C18*/SET SCHEMA PUBLIC
DISCONNECT
/*C17*/SET SCHEMA PUBLIC
DISCONNECT
/*C16*/DISCONNECT
/*C19*/SET SCHEMA PUBLIC
DISCONNECT
/*C20*/SET SCHEMA PUBLIC
DISCONNECT
/*C21*/SET SCHEMA PUBLIC
DISCONNECT
/*C22*/SET SCHEMA PUBLIC
DISCONNECT
/*C23*/SET SCHEMA PUBLIC
DISCONNECT
/*C24*/SET SCHEMA PUBLIC
DISCONNECT
/*C25*/SET SCHEMA PUBLIC
DISCONNECT
/*C26*/SET SCHEMA PUBLIC
DISCONNECT
/*C27*/SET SCHEMA PUBLIC
DISCONNECT
/*C29*/SET SCHEMA PUBLIC
DISCONNECT
/*C30*/SET SCHEMA PUBLIC
DELETE FROM MOBILE WHERE ID=1
INSERT INTO MOBILE VALUES(1,'karan',500,'dublin')
COMMIT
DISCONNECT
/*C31*/SET SCHEMA PUBLIC
DISCONNECT
/*C28*/SET SCHEMA PUBLIC
DISCONNECT
/*C7*/DISCONNECT
/*C8*/DISCONNECT
/*C32*/SET SCHEMA PUBLIC
DISCONNECT
/*C33*/SET SCHEMA PUBLIC
DISCONNECT
/*C34*/SET SCHEMA PUBLIC
DISCONNECT
/*C35*/SET SCHEMA PUBLIC
INSERT INTO MOBILE VALUES(7,'Suraj',25000,'Rewa')
COMMIT
DISCONNECT
/*C36*/SET SCHEMA PUBLIC
DISCONNECT
/*C37*/SET SCHEMA PUBLIC
DISCONNECT
/*C38*/SET SCHEMA PUBLIC
DISCONNECT
/*C39*/SET SCHEMA PUBLIC
DISCONNECT
/*C40*/SET SCHEMA PUBLIC
DELETE FROM MOBILE WHERE ID=1
COMMIT
DISCONNECT
/*C41*/SET SCHEMA PUBLIC
DISCONNECT
/*C42*/SET SCHEMA PUBLIC
DISCONNECT
/*C43*/SET SCHEMA PUBLIC
DISCONNECT
/*C44*/SET SCHEMA PUBLIC
DISCONNECT
/*C45*/SET SCHEMA PUBLIC
DISCONNECT
/*C46*/SET SCHEMA PUBLIC
DISCONNECT
/*C47*/SET SCHEMA PUBLIC
DELETE FROM MOBILE WHERE ID=2
INSERT INTO MOBILE VALUES(2,'karan',500,'dublin')
COMMIT
DISCONNECT
/*C48*/SET SCHEMA PUBLIC
DISCONNECT
/*C49*/SET SCHEMA PUBLIC
DISCONNECT
/*C50*/SET SCHEMA PUBLIC
DELETE FROM MOBILE WHERE ID=2
INSERT INTO MOBILE VALUES(2,'te',3454,'tyrtty')
COMMIT
/*C52*/SET SCHEMA PUBLIC
DISCONNECT
/*C51*/SET SCHEMA PUBLIC
DISCONNECT
/*C50*/DISCONNECT
/*C53*/SET SCHEMA PUBLIC
DISCONNECT
/*C54*/SET SCHEMA PUBLIC
DISCONNECT
/*C55*/SET SCHEMA PUBLIC
DISCONNECT
/*C56*/SET SCHEMA PUBLIC
DISCONNECT
/*C57*/SET SCHEMA PUBLIC
DELETE FROM MOBILE WHERE ID=2
INSERT INTO MOBILE VALUES(2,'Nitin',2000,'Pune')
COMMIT
DISCONNECT
/*C58*/SET SCHEMA PUBLIC
DISCONNECT
/*C59*/SET SCHEMA PUBLIC
DISCONNECT
/*C60*/SET SCHEMA PUBLIC
DISCONNECT
/*C62*/SET SCHEMA PUBLIC
DISCONNECT
/*C61*/SET SCHEMA PUBLIC
DISCONNECT
/*C63*/SET SCHEMA PUBLIC
DISCONNECT
/*C64*/SET SCHEMA PUBLIC
DISCONNECT
/*C65*/SET SCHEMA PUBLIC
DISCONNECT
/*C66*/SET SCHEMA PUBLIC
DISCONNECT
/*C67*/SET SCHEMA PUBLIC
DISCONNECT
/*C68*/SET SCHEMA PUBLIC
DISCONNECT
/*C69*/SET SCHEMA PUBLIC
DISCONNECT
/*C70*/SET SCHEMA PUBLIC
DISCONNECT
/*C71*/SET SCHEMA PUBLIC
DISCONNECT
/*C72*/SET SCHEMA PUBLIC
DISCONNECT
/*C73*/SET SCHEMA PUBLIC
INSERT INTO MOBILE VALUES(3,'Surya',12000,'Mumbai')
COMMIT
DISCONNECT
/*C74*/SET SCHEMA PUBLIC
DISCONNECT
/*C75*/SET SCHEMA PUBLIC
DISCONNECT
/*C76*/SET SCHEMA PUBLIC
DISCONNECT
/*C77*/SET SCHEMA PUBLIC
DISCONNECT
/*C78*/SET SCHEMA PUBLIC
DISCONNECT
/*C79*/SET SCHEMA PUBLIC
DELETE FROM MOBILE WHERE ID=1
INSERT INTO MOBILE VALUES(1,'karan',50,'very big phone')
COMMIT
DISCONNECT
/*C80*/SET SCHEMA PUBLIC
DISCONNECT
/*C81*/SET SCHEMA PUBLIC
INSERT INTO MOBILE VALUES(3,'MI',200,'Note 7')
COMMIT
DISCONNECT
/*C82*/SET SCHEMA PUBLIC
DISCONNECT
/*C83*/SET SCHEMA PUBLIC
DELETE FROM MOBILE WHERE ID=3
COMMIT
/*C85*/SET SCHEMA PUBLIC
DELETE FROM MOBILE WHERE ID=2
INSERT INTO MOBILE VALUES(2,'Samsung',300,'M 20')
COMMIT
/*C83*/DISCONNECT
/*C84*/SET SCHEMA PUBLIC
DISCONNECT
/*C86*/SET SCHEMA PUBLIC
DISCONNECT
/*C85*/DISCONNECT
/*C87*/SET SCHEMA PUBLIC
INSERT INTO MOBILE VALUES(4,'Honor',200,'P 20')
COMMIT
DISCONNECT
/*C89*/SET SCHEMA PUBLIC
DELETE FROM MOBILE WHERE ID=4
INSERT INTO MOBILE VALUES(4,'Vivo',10,'china')
COMMIT
/*C88*/SET SCHEMA PUBLIC
DISCONNECT
/*C89*/DISCONNECT
/*C90*/SET SCHEMA PUBLIC
DISCONNECT
/*C91*/SET SCHEMA PUBLIC
DELETE FROM MOBILE WHERE ID=4
COMMIT
DISCONNECT
/*C92*/SET SCHEMA PUBLIC
DISCONNECT
/*C93*/SET SCHEMA PUBLIC
DISCONNECT
/*C94*/SET SCHEMA PUBLIC
DISCONNECT
/*C95*/SET SCHEMA PUBLIC
DISCONNECT
/*C96*/SET SCHEMA PUBLIC
DISCONNECT
/*C97*/SET SCHEMA PUBLIC
DISCONNECT
/*C99*/SET SCHEMA PUBLIC
DISCONNECT
/*C98*/SET SCHEMA PUBLIC
DISCONNECT
/*C100*/SET SCHEMA PUBLIC
DISCONNECT
/*C101*/SET SCHEMA PUBLIC
DISCONNECT
/*C103*/SET SCHEMA PUBLIC
DELETE FROM MOBILE WHERE ID=2
COMMIT
/*C102*/SET SCHEMA PUBLIC
DISCONNECT
/*C104*/SET SCHEMA PUBLIC
DISCONNECT
/*C103*/DISCONNECT
/*C105*/SET SCHEMA PUBLIC
INSERT INTO MOBILE VALUES(2,'samsun',500,'good thing')
COMMIT
DISCONNECT
/*C106*/SET SCHEMA PUBLIC
DISCONNECT
/*C107*/SET SCHEMA PUBLIC
DISCONNECT
/*C108*/SET SCHEMA PUBLIC
DELETE FROM MOBILE WHERE ID=2
INSERT INTO MOBILE VALUES(2,'felix',225,'not pokemon')
COMMIT
/*C112*/SET SCHEMA PUBLIC
DELETE FROM MOBILE WHERE ID=2
COMMIT
/*C108*/DISCONNECT
/*C109*/SET SCHEMA PUBLIC
DISCONNECT
/*C111*/SET SCHEMA PUBLIC
DISCONNECT
/*C110*/SET SCHEMA PUBLIC
DISCONNECT
/*C112*/DISCONNECT
/*C113*/SET SCHEMA PUBLIC
DISCONNECT
/*C114*/SET SCHEMA PUBLIC
ALTER TABLE PUBLIC.MOBILE ALTER COLUMN SALARY RENAME TO CONTACT
INSERT INTO MOBILE VALUES(1,'Jason',741236589,'Athlone')
COMMIT
ALTER TABLE PUBLIC.MOBILE RENAME TO MOBILE
/*C115*/SET SCHEMA PUBLIC
DISCONNECT
/*C116*/SET SCHEMA PUBLIC
DISCONNECT
/*C118*/SET SCHEMA PUBLIC
DELETE FROM MOBILE WHERE ID=2
COMMIT
DISCONNECT
/*C117*/SET SCHEMA PUBLIC
DISCONNECT
/*C120*/SET SCHEMA PUBLIC
DELETE FROM MOBILE WHERE ID=7
COMMIT
/*C124*/SET SCHEMA PUBLIC
DELETE FROM MOBILE WHERE ID=3
COMMIT
/*C119*/SET SCHEMA PUBLIC
DISCONNECT
/*C124*/DISCONNECT
/*C123*/SET SCHEMA PUBLIC
DISCONNECT
/*C122*/SET SCHEMA PUBLIC
DISCONNECT
/*C121*/SET SCHEMA PUBLIC
DISCONNECT
/*C120*/DISCONNECT
/*C125*/SET SCHEMA PUBLIC
DISCONNECT
/*C127*/SET SCHEMA PUBLIC
INSERT INTO MOBILE VALUES(2,'Mark',456,'Carlow')
COMMIT
/*C130*/SET SCHEMA PUBLIC
DELETE FROM MOBILE WHERE ID=2
COMMIT
DISCONNECT
/*C131*/SET SCHEMA PUBLIC
DISCONNECT
/*C129*/SET SCHEMA PUBLIC
DISCONNECT
/*C127*/DISCONNECT
/*C128*/SET SCHEMA PUBLIC
DISCONNECT
/*C126*/SET SCHEMA PUBLIC
DISCONNECT
/*C133*/SET SCHEMA PUBLIC
INSERT INTO MOBILE VALUES(2,'Mark',8989899,'Carlow')
COMMIT
/*C134*/SET SCHEMA PUBLIC
DISCONNECT
/*C133*/DISCONNECT
/*C132*/SET SCHEMA PUBLIC
DISCONNECT
/*C136*/SET SCHEMA PUBLIC
DISCONNECT
/*C135*/SET SCHEMA PUBLIC
DISCONNECT
/*C137*/SET SCHEMA PUBLIC
DISCONNECT
/*C140*/SET SCHEMA PUBLIC
DISCONNECT
/*C139*/SET SCHEMA PUBLIC
DISCONNECT
/*C138*/SET SCHEMA PUBLIC
DISCONNECT
/*C141*/SET SCHEMA PUBLIC
DISCONNECT
/*C142*/SET SCHEMA PUBLIC
DISCONNECT
/*C143*/SET SCHEMA PUBLIC
DISCONNECT
/*C145*/SET SCHEMA PUBLIC
DISCONNECT
/*C144*/SET SCHEMA PUBLIC
DISCONNECT
/*C150*/SET SCHEMA PUBLIC
DISCONNECT
/*C149*/SET SCHEMA PUBLIC
DISCONNECT
/*C148*/SET SCHEMA PUBLIC
DISCONNECT
/*C147*/SET SCHEMA PUBLIC
DISCONNECT
/*C146*/SET SCHEMA PUBLIC
DISCONNECT
/*C151*/SET SCHEMA PUBLIC
DISCONNECT
/*C152*/SET SCHEMA PUBLIC
DISCONNECT
/*C153*/SET SCHEMA PUBLIC
DISCONNECT
/*C154*/SET SCHEMA PUBLIC
DISCONNECT
/*C155*/SET SCHEMA PUBLIC
DISCONNECT
/*C156*/SET SCHEMA PUBLIC
DELETE FROM MOBILE WHERE ID=2
INSERT INTO MOBILE VALUES(2,'Mark',8955,'asas')
COMMIT
DISCONNECT
/*C157*/SET SCHEMA PUBLIC
DISCONNECT
/*C160*/SET SCHEMA PUBLIC
DISCONNECT
/*C159*/SET SCHEMA PUBLIC
DISCONNECT
/*C158*/SET SCHEMA PUBLIC
DISCONNECT
/*C162*/SET SCHEMA PUBLIC
DISCONNECT
/*C161*/SET SCHEMA PUBLIC
DISCONNECT
/*C163*/SET SCHEMA PUBLIC
DISCONNECT
/*C165*/SET SCHEMA PUBLIC
DELETE FROM MOBILE WHERE ID=2
INSERT INTO MOBILE VALUES(2,'Mark',8955,'car')
COMMIT
/*C164*/SET SCHEMA PUBLIC
DISCONNECT
/*C165*/DISCONNECT
/*C166*/SET SCHEMA PUBLIC
DISCONNECT
/*C167*/SET SCHEMA PUBLIC
DISCONNECT
/*C168*/SET SCHEMA PUBLIC
DELETE FROM MOBILE WHERE ID=2
INSERT INTO MOBILE VALUES(2,'Mark',8955,'carlow')
COMMIT
/*C169*/SET SCHEMA PUBLIC
DISCONNECT
/*C168*/DISCONNECT
/*C173*/SET SCHEMA PUBLIC
DISCONNECT
/*C172*/SET SCHEMA PUBLIC
DISCONNECT
/*C171*/SET SCHEMA PUBLIC
DISCONNECT
/*C170*/SET SCHEMA PUBLIC
DISCONNECT
/*C178*/SET SCHEMA PUBLIC
DELETE FROM MOBILE WHERE ID=2
INSERT INTO MOBILE VALUES(2,'Mark',895522,'carlow')
COMMIT
/*C174*/SET SCHEMA PUBLIC
DISCONNECT
/*C175*/SET SCHEMA PUBLIC
DISCONNECT
/*C176*/SET SCHEMA PUBLIC
DISCONNECT
/*C178*/DISCONNECT
/*C177*/SET SCHEMA PUBLIC
DISCONNECT
/*C181*/SET SCHEMA PUBLIC
DELETE FROM MOBILE WHERE ID=2
INSERT INTO MOBILE VALUES(2,'Mark',8955,'carlow')
COMMIT
/*C179*/SET SCHEMA PUBLIC
DISCONNECT
/*C182*/SET SCHEMA PUBLIC
DISCONNECT
/*C181*/DISCONNECT
/*C180*/SET SCHEMA PUBLIC
DISCONNECT
/*C183*/SET SCHEMA PUBLIC
DELETE FROM MOBILE WHERE ID=2
INSERT INTO MOBILE VALUES(2,'Mark',895544119,'carlow')
COMMIT
DISCONNECT
/*C184*/SET SCHEMA PUBLIC
DISCONNECT
/*C187*/SET SCHEMA PUBLIC
DELETE FROM MOBILE WHERE ID=2
COMMIT
/*C190*/SET SCHEMA PUBLIC
DELETE FROM MOBILE WHERE ID=1
INSERT INTO MOBILE VALUES(1,'Jason',741236589,'AthloneIT')
COMMIT
/*C185*/SET SCHEMA PUBLIC
DISCONNECT
/*C188*/SET SCHEMA PUBLIC
DISCONNECT
/*C187*/DISCONNECT
/*C186*/SET SCHEMA PUBLIC
DISCONNECT
/*C190*/DISCONNECT
/*C189*/SET SCHEMA PUBLIC
DISCONNECT
/*C191*/SET SCHEMA PUBLIC
DISCONNECT
/*C192*/SET SCHEMA PUBLIC
INSERT INTO MOBILE VALUES(2,'Mark',12345678,'Carlow')
COMMIT
DISCONNECT
/*C193*/SET SCHEMA PUBLIC
DISCONNECT
/*C194*/SET SCHEMA PUBLIC
DELETE FROM MOBILE WHERE ID=2
INSERT INTO MOBILE VALUES(2,'Mark',8989899,'Carlow')
COMMIT
/*C195*/SET SCHEMA PUBLIC
DISCONNECT
/*C194*/DISCONNECT
/*C196*/SET SCHEMA PUBLIC
DELETE FROM MOBILE WHERE ID=2
COMMIT
DISCONNECT
/*C197*/SET SCHEMA PUBLIC
DISCONNECT
/*C200*/SET SCHEMA PUBLIC
DISCONNECT
/*C199*/SET SCHEMA PUBLIC
DISCONNECT
/*C198*/SET SCHEMA PUBLIC
DISCONNECT
/*C201*/SET SCHEMA PUBLIC
DISCONNECT
/*C202*/SET SCHEMA PUBLIC
DISCONNECT
/*C204*/SET SCHEMA PUBLIC
INSERT INTO MOBILE VALUES(2,'Mark',8944119,'Carlow')
COMMIT
/*C206*/SET SCHEMA PUBLIC
DISCONNECT
/*C205*/SET SCHEMA PUBLIC
DISCONNECT
/*C204*/DISCONNECT
/*C203*/SET SCHEMA PUBLIC
DISCONNECT
/*C207*/SET SCHEMA PUBLIC
DELETE FROM MOBILE WHERE ID=2
INSERT INTO MOBILE VALUES(2,'Mark',8944119,'westmeath')
COMMIT
/*C209*/SET SCHEMA PUBLIC
DELETE FROM MOBILE WHERE ID=2
COMMIT
/*C207*/DISCONNECT
/*C208*/SET SCHEMA PUBLIC
DISCONNECT
/*C209*/DISCONNECT
/*C210*/SET SCHEMA PUBLIC
DISCONNECT
/*C211*/SET SCHEMA PUBLIC
DISCONNECT
/*C212*/SET SCHEMA PUBLIC
DISCONNECT
/*C213*/SET SCHEMA PUBLIC
DISCONNECT
/*C214*/SET SCHEMA PUBLIC
DISCONNECT
/*C216*/SET SCHEMA PUBLIC
DISCONNECT
/*C215*/SET SCHEMA PUBLIC
DISCONNECT
/*C217*/SET SCHEMA PUBLIC
DISCONNECT
/*C218*/SET SCHEMA PUBLIC
DISCONNECT
/*C219*/SET SCHEMA PUBLIC
DISCONNECT
/*C220*/SET SCHEMA PUBLIC
DISCONNECT
/*C114*/INSERT INTO MOBILE VALUES(2,'Mi',250,'Note 8')
COMMIT
INSERT INTO MOBILE VALUES(3,'samsung',400,'M 8')
COMMIT
/*C222*/SET SCHEMA PUBLIC
DELETE FROM MOBILE WHERE ID=1
INSERT INTO MOBILE VALUES(1,'iphone',200,'iphone 5')
COMMIT
/*C221*/SET SCHEMA PUBLIC
DISCONNECT
/*C222*/DISCONNECT
/*C223*/SET SCHEMA PUBLIC
DISCONNECT
/*C224*/SET SCHEMA PUBLIC
INSERT INTO MOBILE VALUES(5,'Honor',456,'random phone')
COMMIT
DISCONNECT
/*C225*/SET SCHEMA PUBLIC
DISCONNECT
/*C226*/SET SCHEMA PUBLIC
DISCONNECT
/*C228*/SET SCHEMA PUBLIC
INSERT INTO MOBILE VALUES(6,'samsung',750,'s10')
COMMIT
/*C230*/SET SCHEMA PUBLIC
DELETE FROM MOBILE WHERE ID=6
INSERT INTO MOBILE VALUES(6,'honor',777,'p20')
COMMIT
/*C233*/SET SCHEMA PUBLIC
DELETE FROM MOBILE WHERE ID=6
COMMIT
/*C234*/SET SCHEMA PUBLIC
DISCONNECT
/*C227*/SET SCHEMA PUBLIC
DISCONNECT
/*C233*/DISCONNECT
/*C232*/SET SCHEMA PUBLIC
DISCONNECT
/*C230*/DISCONNECT
/*C231*/SET SCHEMA PUBLIC
DISCONNECT
/*C229*/SET SCHEMA PUBLIC
DISCONNECT
/*C228*/DISCONNECT
/*C235*/SET SCHEMA PUBLIC
DISCONNECT
/*C237*/SET SCHEMA PUBLIC
DISCONNECT
/*C239*/SET SCHEMA PUBLIC
INSERT INTO MOBILE VALUES(6,'honor',456,'p20')
COMMIT
/*C238*/SET SCHEMA PUBLIC
DISCONNECT
/*C239*/DISCONNECT
/*C240*/SET SCHEMA PUBLIC
DISCONNECT
/*C241*/SET SCHEMA PUBLIC
DELETE FROM MOBILE WHERE ID=6
INSERT INTO MOBILE VALUES(6,'Samsung',741,'m10')
COMMIT
/*C243*/SET SCHEMA PUBLIC
DELETE FROM MOBILE WHERE ID=6
COMMIT
/*C241*/DISCONNECT
/*C242*/SET SCHEMA PUBLIC
DISCONNECT
/*C244*/SET SCHEMA PUBLIC
DISCONNECT
/*C243*/DISCONNECT
/*C245*/SET SCHEMA PUBLIC
DISCONNECT
/*C247*/SET SCHEMA PUBLIC
DISCONNECT
/*C246*/SET SCHEMA PUBLIC
DISCONNECT
/*C249*/SET SCHEMA PUBLIC
DELETE FROM MOBILE WHERE ID=2
COMMIT
/*C250*/SET SCHEMA PUBLIC
DISCONNECT
/*C249*/DISCONNECT
/*C248*/SET SCHEMA PUBLIC
DISCONNECT
/*C253*/SET SCHEMA PUBLIC
INSERT INTO MOBILE VALUES(6,'honor',450,'p20')
COMMIT
/*C255*/SET SCHEMA PUBLIC
DELETE FROM MOBILE WHERE ID=6
INSERT INTO MOBILE VALUES(6,'Samsung',890,'s10')
COMMIT
/*C257*/SET SCHEMA PUBLIC
DELETE FROM MOBILE WHERE ID=6
COMMIT
/*C258*/SET SCHEMA PUBLIC
DISCONNECT
/*C257*/DISCONNECT
/*C252*/SET SCHEMA PUBLIC
DISCONNECT
/*C251*/SET SCHEMA PUBLIC
DISCONNECT
/*C254*/SET SCHEMA PUBLIC
DISCONNECT
/*C253*/DISCONNECT
/*C256*/SET SCHEMA PUBLIC
DISCONNECT
/*C255*/DISCONNECT
/*C259*/SET SCHEMA PUBLIC
DISCONNECT
/*C260*/SET SCHEMA PUBLIC
DISCONNECT
/*C261*/SET SCHEMA PUBLIC
INSERT INTO MOBILE VALUES(2,'samsung',750,'s9')
COMMIT
/*C263*/SET SCHEMA PUBLIC
DELETE FROM MOBILE WHERE ID=2
INSERT INTO MOBILE VALUES(2,'iphone',900,'X 64 gb')
COMMIT
/*C265*/SET SCHEMA PUBLIC
DELETE FROM MOBILE WHERE ID=2
COMMIT
/*C262*/SET SCHEMA PUBLIC
DISCONNECT
/*C261*/DISCONNECT
/*C263*/DISCONNECT
/*C264*/SET SCHEMA PUBLIC
DISCONNECT
/*C266*/SET SCHEMA PUBLIC
DISCONNECT
/*C265*/DISCONNECT
/*C267*/SET SCHEMA PUBLIC
DISCONNECT
/*C269*/SET SCHEMA PUBLIC
INSERT INTO MOBILE VALUES(6,'samsung',450,'s9')
COMMIT
/*C270*/SET SCHEMA PUBLIC
DISCONNECT
/*C268*/SET SCHEMA PUBLIC
DISCONNECT
/*C269*/DISCONNECT
/*C271*/SET SCHEMA PUBLIC
DELETE FROM MOBILE WHERE ID=6
INSERT INTO MOBILE VALUES(6,'honor',700,'p20')
COMMIT
/*C273*/SET SCHEMA PUBLIC
DELETE FROM MOBILE WHERE ID=5
COMMIT
/*C275*/SET SCHEMA PUBLIC
DISCONNECT
/*C274*/SET SCHEMA PUBLIC
DISCONNECT
/*C273*/DISCONNECT
/*C272*/SET SCHEMA PUBLIC
DISCONNECT
/*C271*/DISCONNECT
/*C276*/SET SCHEMA PUBLIC
DISCONNECT
/*C236*/SET SCHEMA PUBLIC
DISCONNECT
/*C114*/DISCONNECT
/*C277*/SET SCHEMA PUBLIC
INSERT INTO MOBILE VALUES(8,'oneplus',450,'6T 128 gb')
COMMIT
DISCONNECT
/*C278*/SET SCHEMA PUBLIC
DISCONNECT
/*C279*/SET SCHEMA PUBLIC
DELETE FROM MOBILE WHERE ID=8
INSERT INTO MOBILE VALUES(8,'kiwi',400,'x20')
COMMIT
DISCONNECT
/*C280*/SET SCHEMA PUBLIC
DISCONNECT
/*C283*/SET SCHEMA PUBLIC
DELETE FROM MOBILE WHERE ID=8
COMMIT
DISCONNECT
/*C282*/SET SCHEMA PUBLIC
DISCONNECT
/*C281*/SET SCHEMA PUBLIC
DISCONNECT
/*C284*/SET SCHEMA PUBLIC
DISCONNECT
